d:\source\getnetworkstatus\lysysstatus\x64\debug\lysysstatus.pch
d:\source\getnetworkstatus\lysysstatus\x64\debug\vc142.pdb
d:\source\getnetworkstatus\lysysstatus\x64\debug\vc142.idb
d:\source\getnetworkstatus\lysysstatus\x64\debug\pch.obj
d:\source\getnetworkstatus\lysysstatus\x64\debug\ilywirelessnetwork.obj
d:\source\getnetworkstatus\lysysstatus\x64\debug\ilysystemstatus.obj
d:\source\getnetworkstatus\lysysstatus\x64\debug\dllmain.obj
d:\source\getnetworkstatus\lysysstatus\x64\debug\clysystemstatus.obj
d:\source\getnetworkstatus\x64\debug\lysysstatus.dll
d:\source\getnetworkstatus\x64\debug\lysysstatus.ilk
d:\source\getnetworkstatus\x64\debug\lysysstatus.pdb
d:\source\getnetworkstatus\x64\debug\lysysstatus.lib
d:\source\getnetworkstatus\x64\debug\lysysstatus.exp
d:\source\getnetworkstatus\lysysstatus\x64\debug\lysysstatus.tlog\cl.command.1.tlog
d:\source\getnetworkstatus\lysysstatus\x64\debug\lysysstatus.tlog\cl.read.1.tlog
d:\source\getnetworkstatus\lysysstatus\x64\debug\lysysstatus.tlog\cl.write.1.tlog
d:\source\getnetworkstatus\lysysstatus\x64\debug\lysysstatus.tlog\link.command.1.tlog
d:\source\getnetworkstatus\lysysstatus\x64\debug\lysysstatus.tlog\link.read.1.tlog
d:\source\getnetworkstatus\lysysstatus\x64\debug\lysysstatus.tlog\link.write.1.tlog
d:\source\getnetworkstatus\lysysstatus\x64\debug\lysysstatus.tlog\lysysstatus.write.1u.tlog
